<?xml version="1.0" encoding="UTF-8"?>
<!-- Generated by org.testng.reporters.JUnitXMLReporter -->
<testsuite hostname="DESKTOP-DT1HFES" ignored="0" name="Default test" tests="76" failures="1" timestamp="12 Aug 2020 06:38:35 GMT" time="207.577" errors="0">
  <testcase name="homePageTest" time="3.609" classname="com.easemytrip.runner.HomePageRunner"/>
  <testcase name="WebCheckInClickTest" time="2.3" classname="com.easemytrip.runner.HomePageRunner"/>
  <testcase name="FlightsModuleClickTest" time="1.63" classname="com.easemytrip.runner.HomePageRunner"/>
  <testcase name="logoClickTest" time="2.64" classname="com.easemytrip.runner.HomePageRunner"/>
  <testcase name="multicityCheckBoxTest" time="0.216" classname="com.easemytrip.runner.HomePageRunner"/>
  <testcase name="DefenceCheckBoxTest" time="0.135" classname="com.easemytrip.runner.HomePageRunner"/>
  <testcase name="studentsCheckBoxTest" time="0.155" classname="com.easemytrip.runner.HomePageRunner"/>
  <testcase name="seniorCitizenCheckBoxTest" time="0.168" classname="com.easemytrip.runner.HomePageRunner"/>
  <testcase name="doctorsCheckBoxTest" time="0.142" classname="com.easemytrip.runner.HomePageRunner"/>
  <testcase name="HotelsModuleClickTest" time="1.696" classname="com.easemytrip.runner.HomePageRunner"/>
  <testcase name="importantInfoClickTest" time="3.624" classname="com.easemytrip.runner.HomePageRunner"/>
  <testcase name="ourProductsClickTest" time="2.441" classname="com.easemytrip.runner.HomePageRunner"/>
  <testcase name="emtInfoClickTest" time="3.02" classname="com.easemytrip.runner.HomePageRunner"/>
  <testcase name="siteDirectoryClickTest" time="3.89" classname="com.easemytrip.runner.HomePageRunner"/>
  <testcase name="popularAirlinesClickTest" time="6.864" classname="com.easemytrip.runner.HomePageRunner"/>
  <testcase name="androidStoreClickTest" time="4.405" classname="com.easemytrip.runner.HomePageRunner"/>
  <testcase name="iosStoreClickTest" time="5.549" classname="com.easemytrip.runner.HomePageRunner"/>
  <testcase name="switchCheck" time="2.066" classname="com.easemytrip.runner.HomePageRunner"/>
  <testcase name="myAccountMouseHoverTest" time="0.445" classname="com.easemytrip.runner.HomePageRunner"/>
  <testcase name="helplineMouseHoverTest" time="0.194" classname="com.easemytrip.runner.HomePageRunner"/>
  <testcase name="TravelGuideClickTest" time="3.698" classname="com.easemytrip.runner.HomePageRunner"/>
  <testcase name="searchFlightOneWayTest" time="22.283" classname="com.easemytrip.runner.HomePageRunner"/>
  <testcase name="searchFlightOneWayTest" time="22.855" classname="com.easemytrip.runner.HomePageRunner"/>
  <testcase name="searchFlightOneWayTest" time="13.178" classname="com.easemytrip.runner.HomePageRunner"/>
  <testcase name="search" time="5.002" classname="com.easemytrip.runner.HomePageRunner"/>
  <testcase name="titleVerify" time="0.009" classname="com.easemytrip.runner.HomePageRunner"/>
  <testcase name="modify" time="4.384" classname="com.easemytrip.runner.HomePageRunner"/>
  <testcase name="next" time="3.036" classname="com.easemytrip.runner.HomePageRunner"/>
  <testcase name="prev" time="0.145" classname="com.easemytrip.runner.HomePageRunner"/>
  <testcase name="amountDisplay" time="0.051" classname="com.easemytrip.runner.HomePageRunner"/>
  <testcase name="scrollDown" time="0.049" classname="com.easemytrip.runner.HomePageRunner"/>
  <testcase name="flightDetails" time="4.434" classname="com.easemytrip.runner.HomePageRunner"/>
  <testcase name="addFilters" time="2.815" classname="com.easemytrip.runner.HomePageRunner"/>
  <testcase name="scrollUp" time="0.017" classname="com.easemytrip.runner.HomePageRunner"/>
  <testcase name="bookFlight" time="5.511" classname="com.easemytrip.runner.HomePageRunner"/>
  <testcase name="flightDetailsOneWay" time="0.091" classname="com.easemytrip.runner.HomePageRunner"/>
  <testcase name="travellerEMICheckCLearButton" time="2.102" classname="com.easemytrip.runner.HomePageRunner"/>
  <testcase name="uinsuranceRadioCheck" time="0.241" classname="com.easemytrip.runner.HomePageRunner"/>
  <testcase name="freeCancellationRadio" time="0.234" classname="com.easemytrip.runner.HomePageRunner"/>
  <testcase name="verifyEmail" time="0.416" classname="com.easemytrip.runner.HomePageRunner"/>
  <testcase name="verifyEmail" time="0.262" classname="com.easemytrip.runner.HomePageRunner"/>
  <testcase name="verifyEmail" time="0.509" classname="com.easemytrip.runner.HomePageRunner"/>
  <testcase name="verifyAdultTravellerTitleDropDown" time="0.228" classname="com.easemytrip.runner.HomePageRunner"/>
  <testcase name="verifyAdultTravellerFirstName" time="0.258" classname="com.easemytrip.runner.HomePageRunner"/>
  <testcase name="verifyAdultTravellerFirstName" time="0.17" classname="com.easemytrip.runner.HomePageRunner"/>
  <testcase name="verifyAdultTravellerFirstName" time="0.287" classname="com.easemytrip.runner.HomePageRunner"/>
  <testcase name="verifyAdultTravellerLastName" time="0.213" classname="com.easemytrip.runner.HomePageRunner"/>
  <testcase name="verifyAdultTravellerLastName" time="0.143" classname="com.easemytrip.runner.HomePageRunner"/>
  <testcase name="verifyAdultTravellerLastName" time="0.17" classname="com.easemytrip.runner.HomePageRunner"/>
  <testcase name="verifyAddBaggageButton" time="0.509" classname="com.easemytrip.runner.HomePageRunner"/>
  <testcase name="removeAdult" time="0.189" classname="com.easemytrip.runner.HomePageRunner"/>
  <testcase name="verifyAddAdultButton" time="2.398" classname="com.easemytrip.runner.HomePageRunner"/>
  <testcase name="verifyChildTravellerTitle" time="0.148" classname="com.easemytrip.runner.HomePageRunner"/>
  <testcase name="verifyChildTravellerFirstName" time="0.224" classname="com.easemytrip.runner.HomePageRunner"/>
  <testcase name="verifyChildTravellerFirstName" time="0.143" classname="com.easemytrip.runner.HomePageRunner"/>
  <testcase name="verifyChildTravellerFirstName" time="0.19" classname="com.easemytrip.runner.HomePageRunner"/>
  <testcase name="verifyChildTravellerLastName" time="0.27" classname="com.easemytrip.runner.HomePageRunner"/>
  <testcase name="verifyChildTravellerLastName" time="0.149" classname="com.easemytrip.runner.HomePageRunner"/>
  <testcase name="verifyChildTravellerLastName" time="0.176" classname="com.easemytrip.runner.HomePageRunner"/>
  <testcase name="removeChild" time="0.132" classname="com.easemytrip.runner.HomePageRunner"/>
  <testcase name="verifyAddChildButton" time="0.891" classname="com.easemytrip.runner.HomePageRunner"/>
  <testcase name="verifyInfantTravellerTitle" time="0.132" classname="com.easemytrip.runner.HomePageRunner"/>
  <testcase name="verifyInfantTravellerFirstName" time="0.214" classname="com.easemytrip.runner.HomePageRunner"/>
  <testcase name="verifyInfantTravellerFirstName" time="0.143" classname="com.easemytrip.runner.HomePageRunner"/>
  <testcase name="verifyInfantTravellerFirstName" time="0.287" classname="com.easemytrip.runner.HomePageRunner"/>
  <testcase name="verifyInfantTravellerLastName" time="0.172" classname="com.easemytrip.runner.HomePageRunner"/>
  <testcase name="verifyInfantTravellerLastName" time="0.207" classname="com.easemytrip.runner.HomePageRunner"/>
  <testcase name="verifyInfantTravellerLastName" time="0.176" classname="com.easemytrip.runner.HomePageRunner"/>
  <testcase name="verifyInfantTravellerDOB" time="0.517" classname="com.easemytrip.runner.HomePageRunner"/>
  <testcase name="removeInfant" time="0.128" classname="com.easemytrip.runner.HomePageRunner"/>
  <testcase name="verifyAddInfantButton" time="2.15" classname="com.easemytrip.runner.HomePageRunner"/>
  <testcase name="addSeatVerify" time="0.145" classname="com.easemytrip.runner.HomePageRunner"/>
  <testcase name="verifyContactNo" time="4.404" classname="com.easemytrip.runner.HomePageRunner"/>
  <testcase name="verifyContactNo" time="4.295" classname="com.easemytrip.runner.HomePageRunner"/>
  <testcase name="verifyContactNo" time="7.448" classname="com.easemytrip.runner.HomePageRunner"/>
  <testcase name="verifyContactNo" time="4.363" classname="com.easemytrip.runner.HomePageRunner">
    <failure type="java.lang.AssertionError" message="expected [true] but found [false]">
      <![CDATA[java.lang.AssertionError: expected [true] but found [false]
at org.testng.Assert.fail(Assert.java:96)
at org.testng.Assert.failNotEquals(Assert.java:776)
at org.testng.Assert.assertTrue(Assert.java:44)
at org.testng.Assert.assertTrue(Assert.java:54)
at com.easemytrip.runner.HomePageRunner.verifyContactNo(HomePageRunner.java:728)
at sun.reflect.NativeMethodAccessorImpl.invoke0(Native Method)
at sun.reflect.NativeMethodAccessorImpl.invoke(NativeMethodAccessorImpl.java:62)
at sun.reflect.DelegatingMethodAccessorImpl.invoke(DelegatingMethodAccessorImpl.java:43)
at java.lang.reflect.Method.invoke(Method.java:498)
at org.testng.internal.MethodInvocationHelper.invokeMethod(MethodInvocationHelper.java:124)
at org.testng.internal.Invoker.invokeMethod(Invoker.java:583)
at org.testng.internal.Invoker.invokeTestMethod(Invoker.java:719)
at org.testng.internal.Invoker.invokeTestMethods(Invoker.java:989)
at org.testng.internal.TestMethodWorker.invokeTestMethods(TestMethodWorker.java:125)
at org.testng.internal.TestMethodWorker.run(TestMethodWorker.java:109)
at org.testng.TestRunner.privateRun(TestRunner.java:648)
at org.testng.TestRunner.run(TestRunner.java:505)
at org.testng.SuiteRunner.runTest(SuiteRunner.java:455)
at org.testng.SuiteRunner.runSequentially(SuiteRunner.java:450)
at org.testng.SuiteRunner.privateRun(SuiteRunner.java:415)
at org.testng.SuiteRunner.run(SuiteRunner.java:364)
at org.testng.SuiteRunnerWorker.runSuite(SuiteRunnerWorker.java:52)
at org.testng.SuiteRunnerWorker.run(SuiteRunnerWorker.java:84)
at org.testng.TestNG.runSuitesSequentially(TestNG.java:1208)
at org.testng.TestNG.runSuitesLocally(TestNG.java:1137)
at org.testng.TestNG.runSuites(TestNG.java:1049)
at org.testng.TestNG.run(TestNG.java:1017)
at org.testng.remote.AbstractRemoteTestNG.run(AbstractRemoteTestNG.java:115)
at org.testng.remote.RemoteTestNG.initAndRun(RemoteTestNG.java:251)
at org.testng.remote.RemoteTestNG.main(RemoteTestNG.java:77)
]]>
    </failure>
  </testcase> <!-- verifyContactNo -->
</testsuite> <!-- Default test -->
